<?xml version="1.0" encoding="UTF-8"?>
<!-- Generated by org.testng.reporters.JUnitXMLReporter -->
<testsuite ignored="0" hostname="DESKTOP-68BCR7S" failures="0" tests="16" name="Unit Tests" time="0.175" errors="0" timestamp="2023-04-12T09:22:13 IST">
  <testcase classname="com.sgtesting.calculator.testcases.AdditionTestcases" name="addPositiveAndNegativeNumbers" time="0.014"/>
  <testcase classname="com.sgtesting.calculator.testcases.AdditionTestcases" name="addPositiveAndZeroNumbers" time="0.004"/>
  <testcase classname="com.sgtesting.calculator.testcases.AdditionTestcases" name="addTwoNegativeNumbers" time="0.009"/>
  <testcase classname="com.sgtesting.calculator.testcases.AdditionTestcases" name="addTwoPositiveNumbers" time="0.002"/>
  <testcase classname="com.sgtesting.calculator.testcases.DivisionTestcases" name="dividePositiveAndNegativeNumbers" time="0.003"/>
  <testcase classname="com.sgtesting.calculator.testcases.DivisionTestcases" name="dividePositiveAndOneNumbers" time="0.003"/>
  <testcase classname="com.sgtesting.calculator.testcases.DivisionTestcases" name="divideTwoNegativeNumbers" time="0.005"/>
  <testcase classname="com.sgtesting.calculator.testcases.DivisionTestcases" name="divideTwoPositiveNumbers" time="0.003"/>
  <testcase classname="com.sgtesting.calculator.testcases.MultiplicationTestcases" name="multiplyPositiveAndNegativeNumbers" time="0.001"/>
  <testcase classname="com.sgtesting.calculator.testcases.MultiplicationTestcases" name="multiplyPositiveAndZeroNumbers" time="0.001"/>
  <testcase classname="com.sgtesting.calculator.testcases.MultiplicationTestcases" name="multiplyTwoNegativeNumbers" time="0.003"/>
  <testcase classname="com.sgtesting.calculator.testcases.MultiplicationTestcases" name="multiplyTwoPositiveNumbers" time="0.003"/>
  <testcase classname="com.sgtesting.calculator.testcases.SubstractionTestcases" name="substractPositiveAndNegativeNumbers" time="0.001"/>
  <testcase classname="com.sgtesting.calculator.testcases.SubstractionTestcases" name="substractPositiveAndZeroNumbers" time="0.001"/>
  <testcase classname="com.sgtesting.calculator.testcases.SubstractionTestcases" name="substractTwoNegativeNumbers" time="0.003"/>
  <testcase classname="com.sgtesting.calculator.testcases.SubstractionTestcases" name="substractTwoPositiveNumbers" time="0.002"/>
</testsuite> <!-- Unit Tests -->
