<?xml version="1.0" encoding="UTF-8"?>
<testng-results skipped="0" failed="0" ignored="0" total="1" passed="1">
  <reporter-output>
  </reporter-output>
  <suite name="Default suite" duration-ms="2137" started-at="2023-05-21T12:41:24 IST" finished-at="2023-05-21T12:41:27 IST">
    <groups>
    </groups>
    <test name="Default test" duration-ms="2137" started-at="2023-05-21T12:41:24 IST" finished-at="2023-05-21T12:41:27 IST">
      <class name="com.sgtesting.pojo.testcases.UserTestCase">
        <test-method status="PASS" signature="createUser()[pri:1, instance:com.sgtesting.pojo.testcases.UserTestCase@2d8f65a4]" name="createUser" duration-ms="2101" started-at="2023-05-21T12:41:24 IST" finished-at="2023-05-21T12:41:27 IST">
          <reporter-output>
          </reporter-output>
        </test-method> <!-- createUser -->
      </class> <!-- com.sgtesting.pojo.testcases.UserTestCase -->
    </test> <!-- Default test -->
  </suite> <!-- Default suite -->
</testng-results>
